[debug] [2025-08-31T22:37:19.142Z] ----------------------------------------------------------------------
[debug] [2025-08-31T22:37:19.145Z] Command:       /usr/bin/node /usr/bin/firebase init
[debug] [2025-08-31T22:37:19.146Z] CLI Version:   14.15.1
[debug] [2025-08-31T22:37:19.146Z] Platform:      linux
[debug] [2025-08-31T22:37:19.146Z] Node Version:  v22.19.0
[debug] [2025-08-31T22:37:19.147Z] Time:          Sun Aug 31 2025 15:37:19 GMT-0700 (Pacific Daylight Time)
[debug] [2025-08-31T22:37:19.147Z] ----------------------------------------------------------------------
[debug] 
[debug] [2025-08-31T22:37:19.155Z] > command requires scopes: ["email","openid","https://www.googleapis.com/auth/cloudplatformprojects.readonly","https://www.googleapis.com/auth/firebase","https://www.googleapis.com/auth/cloud-platform"]
[debug] [2025-08-31T22:37:19.156Z] > authorizing via signed-in user (neha.anbu1@gmail.com)
[info] 
     ######## #### ########  ######## ########     ###     ######  ########
     ##        ##  ##     ## ##       ##     ##  ##   ##  ##       ##
     ######    ##  ########  ######   ########  #########  ######  ######
     ##        ##  ##    ##  ##       ##     ## ##     ##       ## ##
     ##       #### ##     ## ######## ########  ##     ##  ######  ########

You're about to initialize a Firebase project in this directory:

  /home/neha_a/code/MyHeal

[debug] [2025-08-31T22:37:35.549Z] ExitPromptError: User force closed the prompt with SIGINT
    at Interface.sigint (/usr/lib/node_modules/firebase-tools/node_modules/@inquirer/core/dist/commonjs/lib/create-prompt.js:101:37)
    at Interface.emit (node:events:519:28)
    at Interface.emit (node:domain:489:12)
    at [_ttyWrite] [as _ttyWrite] (node:internal/readline/interface:1132:18)
    at ReadStream.onkeypress (node:internal/readline/interface:271:20)
    at ReadStream.emit (node:events:531:35)
    at ReadStream.emit (node:domain:489:12)
    at emitKeys (node:internal/readline/utils:370:14)
    at emitKeys.next (<anonymous>)
    at ReadStream.onData (node:internal/readline/emitKeypressEvents:64:36)
[error] 
[error] Error: An unexpected error has occurred.
